****************************************************
*                                                  *
*    2HDMC - Two-Higgs-Doublet Model Calculator    *
*             http://2hdmc.hepforge.org            *
*                  Version 1.8.0                   *
*             Compiled on Mar  9 2022              *
*                                                  *
****************************************************

2HDM parameters in physical mass basis:
      m_h:    125.00000
      m_H:   1000.00000
      m_A:   1001.00000
     m_H+:   1001.00000
 sin(b-a):      0.99612
 lambda_6:      0.00000
 lambda_7:      0.00000
    m12^2: 400000.00000
tan(beta):      5.00000

2HDM parameters in generic basis:
 lambda_1:   -433.89022
 lambda_2:     -0.90349
 lambda_3:    -10.40689
 lambda_4:     17.78155
 lambda_5:     17.78155
 lambda_6:      0.00000
 lambda_7:      0.00000
    m12^2: 400000.00000
tan(beta):      5.00000

Constraints:
 Tree-level unitarity: 0
 Perturbativity:       0
 Stability:            0

Oblique parameters:
 S             8.12944e-04
 T            -1.82443e-03
 U            -3.46553e-05
 V             1.72335e-05
 W            -3.15988e-06
 X            -5.89674e-06
 Delta_rho    -1.64696e-04
 Delta_amu    -4.44217e-12

LesHouches output written to file /home/alan/ML_Analysis/THDM/Cards/2HDMC/parameters_type4.out

Decay table for h 
Total width:   4.239e-03 GeV      BR
h  -> s  s     1.004e-06      2.370e-04
h  -> c  c     1.234e-04      2.910e-02
h  -> b  b     2.748e-03      6.484e-01
h  -> e  e     6.625e-12      1.563e-09
h  -> mu mu    2.832e-07      6.681e-05
h  -> ta ta    8.000e-05      1.887e-02
h  -> ga ga    9.877e-06      2.330e-03
h  -> Z  Z     1.047e-04      2.469e-02
h  -> W+ W-    8.378e-04      1.976e-01
h  -> Z  ga    6.355e-06      1.499e-03
h  -> g  g     3.273e-04      7.721e-02
---------------------------------------

Decay table for H 
Total width:   3.515e+01 GeV      BR
H  -> s  s     6.662e-08      1.895e-09
H  -> c  c     8.206e-06      2.335e-07
H  -> b  b     1.844e-04      5.245e-06
H  -> t  t     5.455e-01      1.552e-02
H  -> e  e     4.403e-09      1.253e-10
H  -> mu mu    1.882e-04      5.355e-06
H  -> ta ta    5.323e-02      1.514e-03
H  -> ga ga    1.555e-04      4.423e-06
H  -> Z  Z     1.186e+00      3.374e-02
H  -> W+ W-    2.401e+00      6.831e-02
H  -> Z  ga    1.284e-04      3.652e-06
H  -> g  g     8.277e-04      2.355e-05
H  -> h  h     3.096e+01      8.809e-01
---------------------------------------

Decay table for A 
Total width:   4.372e+00 GeV      BR
A  -> s  s     2.005e-07      4.587e-08
A  -> c  c     2.679e-05      6.129e-06
A  -> b  b     5.815e-04      1.330e-04
A  -> t  t     1.947e+00      4.453e-01
A  -> e  e     4.289e-09      9.810e-10
A  -> mu mu    1.834e-04      4.194e-05
A  -> ta ta    5.185e-02      1.186e-02
A  -> ga ga    1.078e-05      2.466e-06
A  -> Z  ga    3.651e-06      8.352e-07
A  -> g  g     3.451e-03      7.894e-04
A  -> Z  h     2.369e+00      5.419e-01
---------------------------------------

Decay table for H+
Total width:   4.232e+00 GeV      BR
H+ -> u  s     1.045e-08      2.470e-09
H+ -> u  b     7.147e-09      1.689e-09
H+ -> c  d     1.302e-06      3.076e-07
H+ -> c  s     2.451e-05      5.792e-06
H+ -> c  b     1.028e-06      2.430e-07
H+ -> t  d     1.350e-04      3.190e-05
H+ -> t  s     2.931e-03      6.927e-04
H+ -> t  b     1.794e+00      4.239e-01
H+ -> e  ve    4.289e-09      1.013e-09
H+ -> mu vm    1.834e-04      4.333e-05
H+ -> ta vt    5.185e-02      1.225e-02
H+ -> W+ h     2.383e+00      5.631e-01
---------------------------------------
