************************************************************
*                                                          *
*                     W E L C O M E to                     *
*              M A D G R A P H 5 _ a M C @ N L O           *
*                                                          *
*                                                          *
*                 *                       *                *
*                   *        * *        *                  *
*                     * * * * 5 * * * *                    *
*                   *        * *        *                  *
*                 *                       *                *
*                                                          *
*         VERSION 2.7.3                 2020-06-21         *
*                                                          *
*    The MadGraph5_aMC@NLO Development Team - Find us at   *
*    https://server06.fynu.ucl.ac.be/projects/madgraph     *
*                            and                           *
*            http://amcatnlo.web.cern.ch/amcatnlo/         *
*                                                          *
*               Type 'help' for in-line help.              *
*           Type 'tutorial' to learn how MG5 works         *
*    Type 'tutorial aMCatNLO' to learn how aMC@NLO works   *
*    Type 'tutorial MadLoop' to learn how MadLoop works    *
*                                                          *
************************************************************
load MG5 configuration from ../../../../../root/MG5_aMC_v2_7_3/input/mg5_configuration.txt 
set collier to /root/MG5_aMC_v2_7_3/HEPTools/collier
set fastjet to /root/FASTJET_3_3_4/bin/fastjet-config
set lhapdf to /root/LHAPDF_6_3_0/bin/lhapdf-config
set ninja to /root/MG5_aMC_v2_7_3/HEPTools/lib
Using default text editor "vi". Set another one in ./input/mg5_configuration.txt
No valid eps viewer found. Please set in ./input/mg5_configuration.txt
No valid web browser found. Please set in ./input/mg5_configuration.txt
import /home/alan/ML_Analysis/THDM/Cards/proc_ppHhh.txt
The import format was not given, so we guess it as command
import model 2HDMtII_NLO
INFO: Change particles name to pass to MG5 convention 
Defined multiparticle p = g u c d s u~ c~ d~ s~
Defined multiparticle j = g u c d s u~ c~ d~ s~
Defined multiparticle l+ = e+ mu+
Defined multiparticle l- = e- mu-
Defined multiparticle vl = ve vm vt
Defined multiparticle vl~ = ve~ vm~ vt~
Defined multiparticle all = g ghg ghg~ u c d s u~ c~ d~ s~ a gha gha~ ve vm vt e- mu- ta- ve~ vm~ vt~ e+ mu+ ta+ t b t~ b~ z w+ ghz ghwp ghwm h+ h1 h2 h3 w- ghz~ ghwp~ ghwm~ h-
generate p p > h2 [QCD]
[1m------------------------------------------------------------------------[0m
[1m No Born diagrams found. Now switching to the loop-induced mode.        [0m
[1m Please cite ref. 'arXiv:1507.00020' when using results from this mode. [0m
[1m------------------------------------------------------------------------[0m
[1;34mWARNING: Some loop diagrams contributing to this process are discarded because they are not pure (QCD)-perturbation.
Make sure you did not want to include them. [0m
[1;34mWARNING: Some loop diagrams contributing to this process are discarded because they are not pure (QCD)-perturbation.
Make sure you did not want to include them. [0m
[1;34mWARNING: Some loop diagrams contributing to this process are discarded because they are not pure (QCD)-perturbation.
Make sure you did not want to include them. [0m
[1;34mWARNING: Some loop diagrams contributing to this process are discarded because they are not pure (QCD)-perturbation.
Make sure you did not want to include them. [0m
1 processes with 4 diagrams generated in 1.248 s
Total: 1 processes with 4 diagrams
output /home/u5/THDM/proc_ppHhh
INFO: directory /home/u5/THDM/proc_ppHhh already exists.
If you continue this directory will be deleted and replaced.
Do you want to continue? [[4my[0m, n]
[1;34mfound line : launch /home/u5/THDM/proc_ppHhh[0m
[1;34mThis answer is not valid for current question. Keep it for next question and use here default: y[0m
INFO: initialize a new directory: proc_ppHhh 
INFO: remove old information in proc_ppHhh 
INFO: Organizing processes into subprocess groups 
INFO: Generating Helas calls for process: g g > h2 WEIGHTED<=4 [ noborn = QCD ] 
INFO: Processing color information for loop process: g g > h2 [ noborn = QCD ] 
INFO: Creating color matrix  loop process: g g > h2 WEIGHTED<=4 [ noborn = QCD ] 
INFO: Creating files in directory /home/u5/THDM/proc_ppHhh/SubProcesses/PV0_0_1_gg_h2 
ALOHA: aloha creates FFV1 set of routines with options: L1
INFO: Computing diagram color coefficients 
INFO: Drawing loop Feynman diagrams for Process: g g > h2 WEIGHTED<=4 [ noborn = QCD ] 
INFO: Creating files in directory P0_gg_h2 
INFO: Generating Feynman diagrams for Process: g g > h2 WEIGHTED<=4 [ noborn = QCD ] 
INFO: Finding symmetric diagrams for subprocess group gg_h2 
Generated helas calls for 1 subprocesses (4 diagrams) in 0.029 s
ALOHA: aloha creates VVS1 routines
save configuration file to /home/u5/THDM/proc_ppHhh/Cards/me5_configuration.txt
INFO: Use Fortran compiler gfortran 
INFO: Use c++ compiler g++ 
INFO: Generate jpeg diagrams 
INFO: Generate web pages 
Output to directory /home/u5/THDM/proc_ppHhh done.
Type "launch" to generate events from this process, or see
/home/u5/THDM/proc_ppHhh/README
Run "open index.html" to see more information about this process.
launch /home/u5/THDM/proc_ppHhh
************************************************************
*                                                          *
*                      W E L C O M E to                    *
*             M A D G R A P H 5 _ a M C @ N L O            *
*                      M A D E V E N T                     *
*                                                          *
*                 *                       *                *
*                   *        * *        *                  *
*                     * * * * 5 * * * *                    *
*                   *        * *        *                  *
*                 *                       *                *
*                                                          *
*         VERSION 2.7.3                 2020-06-21         *
*                                                          *
*    The MadGraph5_aMC@NLO Development Team - Find us at   *
*    https://server06.fynu.ucl.ac.be/projects/madgraph     *
*                                                          *
*               Type 'help' for in-line help.              *
*                                                          *
************************************************************
INFO: load configuration from /home/u5/THDM/proc_ppHhh/Cards/me5_configuration.txt  
INFO: load configuration from /root/MG5_aMC_v2_7_3/input/mg5_configuration.txt  
INFO: load configuration from /home/u5/THDM/proc_ppHhh/Cards/me5_configuration.txt  
Using default text editor "vi". Set another one in ./input/mg5_configuration.txt
No valid eps viewer found. Please set in ./input/mg5_configuration.txt
No valid web browser found. Please set in ./input/mg5_configuration.txt
generate_events run_01
The following switches determine which programs are run:
/==============================================================================\
| 1. Choose the shower/hadronization program   [1m  shower[0m = [31mOFF[0m                  |
| 2. Choose the detector simulation program    [1mdetector[0m = [31mOFF[0m                  |
| 3. Choose an analysis package (plot/convert) [1manalysis[0m = [31mOFF[0m                  |
| 4. Decay onshell particles                   [1m madspin[0m = [31mOFF[0m                  |
| 5. Add weights to events for new hypp.       [1mreweight[0m = [31mOFF[0m                  |
\==============================================================================/
Either type the switch number (1 to 5) to change its setting,
Set any switch explicitly (e.g. type 'shower=Pythia8' at the prompt)
Type 'help' for the list of all valid option
Type '0', 'auto', 'done' or just press enter when you are done.
The following switches determine which programs are run:
/==============================================================================\
| 1. Choose the shower/hadronization program   [1m  shower[0m = [31mOFF[0m                  |
| 2. Choose the detector simulation program    [1mdetector[0m = [31mOFF[0m                  |
| 3. Choose an analysis package (plot/convert) [1manalysis[0m = [31mOFF[0m                  |
| 4. Decay onshell particles                   [1m madspin[0m = [31mOFF[0m                  |
| 5. Add weights to events for new hypp.       [1mreweight[0m = [31mOFF[0m                  |
\==============================================================================/
Either type the switch number (1 to 5) to change its setting,
Set any switch explicitly (e.g. type 'shower=Pythia8' at the prompt)
Type 'help' for the list of all valid option
Type '0', 'auto', 'done' or just press enter when you are done.
The following switches determine which programs are run:
/==============================================================================\
| 1. Choose the shower/hadronization program   [1m  shower[0m = [31mOFF[0m                  |
| 2. Choose the detector simulation program    [1mdetector[0m = [31mOFF[0m                  |
| 3. Choose an analysis package (plot/convert) [1manalysis[0m = [31mOFF[0m                  |
| 4. Decay onshell particles                   [1m madspin[0m = [31mOFF[0m                  |
| 5. Add weights to events for new hypp.       [1mreweight[0m = [31mOFF[0m                  |
\==============================================================================/
Either type the switch number (1 to 5) to change its setting,
Set any switch explicitly (e.g. type 'shower=Pythia8' at the prompt)
Type 'help' for the list of all valid option
Type '0', 'auto', 'done' or just press enter when you are done.
The following switches determine which programs are run:
/==============================================================================\
| 1. Choose the shower/hadronization program   [1m  shower[0m = [31mOFF[0m                  |
| 2. Choose the detector simulation program    [1mdetector[0m = [31mOFF[0m                  |
| 3. Choose an analysis package (plot/convert) [1manalysis[0m = [31mOFF[0m                  |
| 4. Decay onshell particles                   [1m madspin[0m = [31mOFF[0m                  |
| 5. Add weights to events for new hypp.       [1mreweight[0m = [31mOFF[0m                  |
\==============================================================================/
Either type the switch number (1 to 5) to change its setting,
Set any switch explicitly (e.g. type 'shower=Pythia8' at the prompt)
Type 'help' for the list of all valid option
Type '0', 'auto', 'done' or just press enter when you are done.
INFO: copy /home/alan/ML_Analysis/THDM/Cards/delphes_card_HLLHC.tcl as delphes_card.dat 
Do you want to edit a card (press enter to bypass editing)?
/------------------------------------------------------------\
|  [31m1[0m. param         : [32mparam_card.dat[0m                         |
|  [31m2[0m. run           : [32mrun_card.dat[0m                           |
|  [31m3[0m. pythia8       : [32mpythia8_card.dat[0m                       |
|  [31m4[0m. delphes       : [32mdelphes_card.dat[0m                       |
|  [31m5[0m. madspin       : [32mmadspin_card.dat[0m                       |
|  [31m6[0m. MadLoopParams : [32mMadLoopParams.dat[0m                      |
\------------------------------------------------------------/
 you can also
   - enter the path to a valid card or banner.
   - use the 'set' command to modify a parameter directly.
     The set option works only for param_card and run_card.
     Type 'help set' for more information on this command.
   - call an external program (ASperGE/MadWidth/...).
     Type 'help' for the list of available command
 [[4m0[0m, done, 1, param, 2, run, 3, pythia8, 4, enter path, ... ]
set run_card nevents 100000
[1mINFO: modify parameter nevents of the run_card.dat to 100000 [0m
set run_card ebeam1 7000.0
[1mINFO: modify parameter ebeam1 of the run_card.dat to 7000.0 [0m
set run_card ebeam2 7000.0
[1mINFO: modify parameter ebeam2 of the run_card.dat to 7000.0 [0m
set run_card pdlabel lhapdf
[1mINFO: modify parameter pdlabel of the run_card.dat to lhapdf [0m
set run_card lhaid 260000  
[1mINFO: modify parameter lhaid of the run_card.dat to 260000 [0m
set run_card fixed_ren_scale True
[1mINFO: modify parameter fixed_ren_scale of the run_card.dat to True [0m
set run_card fixed_fac_scale True
[1mINFO: modify parameter fixed_fac_scale of the run_card.dat to True [0m
set run_card scale 500
[1mINFO: modify parameter scale of the run_card.dat to 500.0 [0m
set run_card dsqrt_q2fact1 500
[1mINFO: modify parameter dsqrt_q2fact1 of the run_card.dat to 500.0 [0m
set run_card dsqrt_q2fact2 500
[1mINFO: modify parameter dsqrt_q2fact2 of the run_card.dat to 500.0 [0m
set param_card tanbeta 5
[1mINFO: modify param_card information BLOCK frblock with id (1,) set to 5.0 [0m
set param_card sinbma 0.99612
[1mINFO: modify param_card information BLOCK frblock with id (2,) set to 0.99612 [0m
set param_card mh1 125
[1mINFO: modify param_card information BLOCK mass with id (25,) set to 125.0 [0m
set param_card mh2 1000
[1mINFO: modify param_card information BLOCK mass with id (35,) set to 1000.0 [0m
set param_card mh3 1001
[1mINFO: modify param_card information BLOCK mass with id (36,) set to 1001.0 [0m
set param_card mhc 1001
[1mINFO: modify param_card information BLOCK mass with id (37,) set to 1001.0 [0m
set param_card l2 -0.90347
[1mINFO: modify param_card information BLOCK higgs with id (1,) set to -0.90347 [0m
set param_card l3 -10.40733
[1mINFO: modify param_card information BLOCK higgs with id (2,) set to -10.40733 [0m
set param_card lr7 0
[1mINFO: modify param_card information BLOCK higgs with id (3,) set to 0.0 [0m
set spinmode none
[1mINFO: writting at line 28 of the file madspin_card.dat the line: "set spinmode none" [0m
decay h2 > h1 h1, h1 > b b~
[1mINFO: change madspin_card to define the decay of h2: h2 > h1 h1, h1 > b b~ [0m
INFO: Update the dependent parameter of the param_card.dat 
Generating 100000 events with run name run_01
survey  run_01 
INFO: compile directory 
INFO: Using LHAPDF v6.3.0 interface for PDFs 
initMadLoop -r -f
Initializing MadLoop loop-induced matrix elements (this can take some time)...
MadLoop initialization finished.
compile Source Directory
Using random number seed offset = 21
INFO: Running Survey 
Creating Jobs
Working on SubProcesses
INFO:     P0_gg_h2  
INFO:  Idle: 0,  Running: 8,  Completed: 0 [ current time: 13h46 ] 
INFO:  Idle: 0,  Running: 5,  Completed: 3 [  0.15s  ] 
INFO: P0_gg_h2/G1 is at 0.000822 +- 1.65e-05 pb. Now submitting iteration #2. 
INFO: P0_gg_h2/G1 is at 0.0008248 +- 1.14e-06 pb. Now submitting iteration #3. 
INFO: Survey finished for P0_gg_h2/G1 at 0.0008142 +- 3.78e-06 pb 
INFO:  Idle: 0,  Running: 0,  Completed: 27 [  1.1s  ] 
INFO: End survey 
refine 100000
Creating Jobs
INFO: Refine results to 100000 
INFO: Generating 100000.0 unweighted events. 
INFO: Effective Luminosity 141239974.945 pb^-1 
INFO: need to improve 1 channels 
- Current estimate of cross-section: 0.00081403 +- 3.7777e-06
INFO:  Idle: 0,  Running: 74,  Completed: 6 [ current time: 13h46 ] 
INFO: P0_gg_h2/G1 is at 39526/114654 (34%) event. Resubmit 51 job at iteration 1. 
INFO:  Idle: 0,  Running: 7,  Completed: 125 [  1.5s  ] 
INFO: P0_gg_h2/G1 is at 64723/114727 (56%) event. Resubmit 102 job at iteration 2. 
INFO: found enough event for P0_gg_h2/G1 
INFO:  Idle: 0,  Running: 0,  Completed: 236 [  3.3s  ] 
INFO: Combining runs 
INFO: finish refine 
refine 100000 --treshold=0.9
No need for second refine due to stability of cross-section
INFO: Combining Events 
 
 
 
  === Results Summary for run: run_01 tag: tag_1 ===

     Cumulative sequential time for this run: 1m50s
     Cross-section :   0.0008119 +- 3.915e-07 pb
     Nb of events :  100000
 
INFO: Running Systematics computation 
INFO:  Idle: 0,  Running: 40,  Completed: 0 [ current time: 13h47 ] 
INFO:  Idle: 0,  Running: 39,  Completed: 1 [  13.3s  ] 
INFO:  Idle: 0,  Running: 4,  Completed: 36 [  16.3s  ] 
INFO: # events generated with PDF: NNPDF30_nlo_as_0118 (260000) 
INFO: #Will Compute 145 weights per event. 
INFO: #***************************************************************************
#
# original cross-section: 0.000811469923331
#     scale variation: +33.1% -23.4%
#     central scheme variation: + 0% -23.4%
# PDF variation: +2.89% -2.89%
#
# dynamical scheme # 1 : nan # \sum ET
# dynamical scheme # 2 : 0.000621982 +30.5% -22% # \sum\sqrt{m^2+pt^2}
# dynamical scheme # 3 : 0.00081147 +33.1% -23.4% # 0.5 \sum\sqrt{m^2+pt^2}
# dynamical scheme # 4 : 0.000621982 +30.5% -22% # \sqrt{\hat s}
#***************************************************************************
 
INFO: End of systematics computation 
store_events
INFO: Storing parton level results 
INFO: End Parton 
reweight -from_cards
decay_events -from_cards
INFO: Running MadSpin 
INFO: This functionality allows for the decay of resonances 
INFO: in a .lhe file, keeping track of the spin correlation effets. 
INFO: BE AWARE OF THE CURRENT LIMITATIONS: 
INFO:   (1) Only a succession of 2 body decay are currently allowed 
************************************************************
*                                                          *
*           W E L C O M E  to  M A D S P I N               *
*                                                          *
************************************************************
INFO: Extracting the banner ... 
INFO: process: p p > h2  
INFO: options:  
INFO: detected model: 2HDMtII_NLO. Loading... 
Set group_subprocesses to Auto
Note that you need to regenerate all processes
set collier to /root/MG5_aMC_v2_7_3/HEPTools/collier
set fastjet to /root/FASTJET_3_3_4/bin/fastjet-config
set lhapdf to /root/LHAPDF_6_3_0/bin/lhapdf-config
set ninja to /root/MG5_aMC_v2_7_3/HEPTools/lib
set max_weight_ps_point 400  # number of PS to estimate the maximum for each event
decay t > w+ b, w+ > all all
decay t~ > w- b~, w- > all all
decay w+ > all all
decay w- > all all
decay z > all all
set spinmode none
decay h2 > h1 h1, h1 > b b~
launch
INFO: Will use seed 380126919 
INFO: generate 100000 decay event for particle h2 
INFO: Will use seed 218976757 
decaying event number 100 [0.236708879471 s]
decaying event number 200 [0.421633005142 s]
decaying event number 300 [0.606318950653 s]
decaying event number 400 [0.791451931 s]
decaying event number 500 [0.976316928864 s]
decaying event number 600 [1.16100597382 s]
decaying event number 700 [1.34622788429 s]
decaying event number 800 [1.53007102013 s]
decaying event number 900 [1.71554589272 s]
decaying event number 1000 [1.90060782433 s]
decaying event number 2000 [3.75304794312 s]
decaying event number 3000 [5.60238289833 s]
decaying event number 4000 [7.45186901093 s]
decaying event number 5000 [9.29995799065 s]
decaying event number 6000 [11.1449289322 s]
decaying event number 7000 [12.9831979275 s]
decaying event number 8000 [14.816783905 s]
decaying event number 9000 [16.6486349106 s]
decaying event number 10000 [18.4863619804 s]
decaying event number 20000 [36.8219459057 s]
decaying event number 30000 [55.2363188267 s]
decaying event number 40000 [73.635778904 s]
decaying event number 50000 [92.036427021 s]
decaying event number 60000 [110.443126917 s]
decaying event number 70000 [128.951529026 s]
decaying event number 80000 [147.313422918 s]
decaying event number 90000 [165.674172878 s]
INFO: The decayed event file has been moved to the following location:  
INFO: /home/u5/THDM/proc_ppHhh/Events/run_01_decayed_1/unweighted_events.lhe.gz 
INFO: MadSpin Done 
INFO: [92mRunning Pythia8 [arXiv:1410.3012][0m 
Splitting .lhe event file for PY8 parallelization...
Submitting Pythia8 jobs...
Pythia8 shower jobs: 0 Idle, 80 Running, 0 Done [2m35s]
Pythia8 shower jobs: 0 Idle, 77 Running, 3 Done [8m11s]
Pythia8 shower jobs: 0 Idle, 40 Running, 40 Done [8m24s]
Pythia8 shower jobs: 0 Idle, 0 Running, 80 Done [8m39s]
Merging results from the split PY8 runs...
INFO: Pythia8 shower finished after 13m08s. 
INFO: prepare delphes run 
INFO: Running Delphes 
INFO: If you are interested in lhco output. please run root2lhco converter. 
INFO:  or edit bin/internal/run_delphes3 to run the converter automatically. 
INFO: delphes done 
  === Results Summary for run: run_01_decayed_1 tag: tag_1 ===

     Cross-section :   4.731e-08 +- 2.281e-11 pb
     Nb of events :  100000
 
INFO: storing files of previous run 
INFO: Storing Pythia8 files of previous run 
INFO: Done 
quit
INFO:  
more information in /home/u5/THDM/proc_ppHhh/index.html
quit
