************************************************************
*                                                          *
*                     W E L C O M E to                     *
*              M A D G R A P H 5 _ a M C @ N L O           *
*                                                          *
*                                                          *
*                 *                       *                *
*                   *        * *        *                  *
*                     * * * * 5 * * * *                    *
*                   *        * *        *                  *
*                 *                       *                *
*                                                          *
*         VERSION 2.7.3                 2020-06-21         *
*                                                          *
*    The MadGraph5_aMC@NLO Development Team - Find us at   *
*    https://server06.fynu.ucl.ac.be/projects/madgraph     *
*                            and                           *
*            http://amcatnlo.web.cern.ch/amcatnlo/         *
*                                                          *
*               Type 'help' for in-line help.              *
*           Type 'tutorial' to learn how MG5 works         *
*    Type 'tutorial aMCatNLO' to learn how aMC@NLO works   *
*    Type 'tutorial MadLoop' to learn how MadLoop works    *
*                                                          *
************************************************************
load MG5 configuration from ../../../../../root/MG5_aMC_v2_7_3/input/mg5_configuration.txt 
set collier to /root/MG5_aMC_v2_7_3/HEPTools/collier
set fastjet to /root/FASTJET_3_3_4/bin/fastjet-config
set lhapdf to /root/LHAPDF_6_3_0/bin/lhapdf-config
set ninja to /root/MG5_aMC_v2_7_3/HEPTools/lib
Using default text editor "vi". Set another one in ./input/mg5_configuration.txt
No valid eps viewer found. Please set in ./input/mg5_configuration.txt
No valid web browser found. Please set in ./input/mg5_configuration.txt
import /home/alan/ML_Analysis/THDM/Cards/proc_ppbbbb.txt
The import format was not given, so we guess it as command
define p = p b b~
INFO: Restrict model sm with file ../../../../../root/MG5_aMC_v2_7_3/models/sm/restrict_default.dat . 
INFO: Run "set stdout_level DEBUG" before import for more information. 
INFO: Change particles name to pass to MG5 convention 
Defined multiparticle p = g u c d s u~ c~ d~ s~
Defined multiparticle j = g u c d s u~ c~ d~ s~
Defined multiparticle l+ = e+ mu+
Defined multiparticle l- = e- mu-
Defined multiparticle vl = ve vm vt
Defined multiparticle vl~ = ve~ vm~ vt~
Defined multiparticle all = g u c d s u~ c~ d~ s~ a ve vm vt e- mu- ve~ vm~ vt~ e+ mu+ t b t~ b~ z w+ h w- ta- ta+
Defined multiparticle p = g u c d s u~ c~ d~ s~ b b~
generate p p > b b~ b b~
INFO: Checking for minimal orders which gives processes. 
INFO: Please specify coupling orders to bypass this step. 
INFO: Trying coupling order WEIGHTED<=4: WEIGTHED IS 2*QED+QCD 
INFO: Trying process: g g > b b~ b b~ WEIGHTED<=4 @1  
INFO: Process has 72 diagrams 
INFO: Trying process: u u~ > b b~ b b~ WEIGHTED<=4 @1  
INFO: Process has 14 diagrams 
INFO: Trying process: u c~ > b b~ b b~ WEIGHTED<=4 @1  
INFO: Trying process: c u~ > b b~ b b~ WEIGHTED<=4 @1  
INFO: Trying process: c c~ > b b~ b b~ WEIGHTED<=4 @1  
INFO: Process has 14 diagrams 
INFO: Trying process: d d~ > b b~ b b~ WEIGHTED<=4 @1  
INFO: Process has 14 diagrams 
INFO: Trying process: d s~ > b b~ b b~ WEIGHTED<=4 @1  
INFO: Trying process: d b~ > b b~ b b~ WEIGHTED<=4 @1  
INFO: Trying process: s d~ > b b~ b b~ WEIGHTED<=4 @1  
INFO: Trying process: s s~ > b b~ b b~ WEIGHTED<=4 @1  
INFO: Process has 14 diagrams 
INFO: Trying process: s b~ > b b~ b b~ WEIGHTED<=4 @1  
INFO: Process u~ u > b b~ b b~ added to mirror process u u~ > b b~ b b~ 
INFO: Process c~ c > b b~ b b~ added to mirror process c c~ > b b~ b b~ 
INFO: Process d~ d > b b~ b b~ added to mirror process d d~ > b b~ b b~ 
INFO: Trying process: d~ b > b b~ b b~ WEIGHTED<=4 @1  
INFO: Process s~ s > b b~ b b~ added to mirror process s s~ > b b~ b b~ 
INFO: Trying process: s~ b > b b~ b b~ WEIGHTED<=4 @1  
INFO: Trying process: b b~ > b b~ b b~ WEIGHTED<=4 @1  
INFO: Process has 42 diagrams 
INFO: Process b~ b > b b~ b b~ added to mirror process b b~ > b b~ b b~ 
6 processes with 170 diagrams generated in 2.120 s
Total: 6 processes with 170 diagrams
output /home/u5/THDM/proc_ppbbbb
INFO: initialize a new directory: proc_ppbbbb 
INFO: remove old information in proc_ppbbbb 
INFO: Organizing processes into subprocess groups 
INFO: Generating Helas calls for process: g g > b b~ b b~ WEIGHTED<=4 @1 
INFO: Processing color information for process: g g > b b~ b b~ @1 
INFO: Generating Helas calls for process: b b~ > b b~ b b~ WEIGHTED<=4 @1 
INFO: Processing color information for process: b b~ > b b~ b b~ @1 
INFO: Generating Helas calls for process: u u~ > b b~ b b~ WEIGHTED<=4 @1 
INFO: Processing color information for process: u u~ > b b~ b b~ @1 
INFO: Combined process c c~ > b b~ b b~ WEIGHTED<=4 @1 with process u u~ > b b~ b b~ WEIGHTED<=4 @1 
INFO: Combined process d d~ > b b~ b b~ WEIGHTED<=4 @1 with process u u~ > b b~ b b~ WEIGHTED<=4 @1 
INFO: Combined process s s~ > b b~ b b~ WEIGHTED<=4 @1 with process u u~ > b b~ b b~ WEIGHTED<=4 @1 
INFO: Creating files in directory P1_gg_bbxbbx 
INFO: Generating Feynman diagrams for Process: g g > b b~ b b~ WEIGHTED<=4 @1 
INFO: Finding symmetric diagrams for subprocess group gg_bbxbbx 
INFO: Creating files in directory P1_bbx_bbxbbx 
INFO: Generating Feynman diagrams for Process: b b~ > b b~ b b~ WEIGHTED<=4 @1 
INFO: Finding symmetric diagrams for subprocess group bbx_bbxbbx 
INFO: Creating files in directory P1_qq_bbxbbx 
INFO: Generating Feynman diagrams for Process: u u~ > b b~ b b~ WEIGHTED<=4 @1 
INFO: Finding symmetric diagrams for subprocess group qq_bbxbbx 
Generated helas calls for 3 subprocesses (128 diagrams) in 0.564 s
Wrote files for 227 helas calls in 0.626 s
ALOHA: aloha creates VVVV4 routines
ALOHA: aloha creates FFV1 routines
ALOHA: aloha creates VVVV1 routines
ALOHA: aloha creates VVVV3 routines
ALOHA: aloha creates VVV1 routines
save configuration file to /home/u5/THDM/proc_ppbbbb/Cards/me5_configuration.txt
INFO: Use Fortran compiler gfortran 
INFO: Use c++ compiler g++ 
INFO: Generate jpeg diagrams 
INFO: Generate web pages 
INFO: Generating MadAnalysis5 default cards tailored to this process 
[1;34mWARNING: MadAnalysis5 failed to write a parton-level default analysis card for this process. [0m
[1;34mWARNING: Therefore, parton-level default analysis with MadAnalysis5 will be empty. [0m
[1;34mWARNING: MadAnalysis5 failed to write a hadron-level default analysis card for this process. [0m
[1;34mWARNING: Therefore, hadron-level default analysis with MadAnalysis5 will be empty. [0m
Output to directory /home/u5/THDM/proc_ppbbbb done.
Type "launch" to generate events from this process, or see
/home/u5/THDM/proc_ppbbbb/README
Run "open index.html" to see more information about this process.
launch /home/u5/THDM/proc_ppbbbb
************************************************************
*                                                          *
*                      W E L C O M E to                    *
*             M A D G R A P H 5 _ a M C @ N L O            *
*                      M A D E V E N T                     *
*                                                          *
*                 *                       *                *
*                   *        * *        *                  *
*                     * * * * 5 * * * *                    *
*                   *        * *        *                  *
*                 *                       *                *
*                                                          *
*         VERSION 2.7.3                 2020-06-21         *
*                                                          *
*    The MadGraph5_aMC@NLO Development Team - Find us at   *
*    https://server06.fynu.ucl.ac.be/projects/madgraph     *
*                                                          *
*               Type 'help' for in-line help.              *
*                                                          *
************************************************************
INFO: load configuration from /home/u5/THDM/proc_ppbbbb/Cards/me5_configuration.txt  
INFO: load configuration from /root/MG5_aMC_v2_7_3/input/mg5_configuration.txt  
INFO: load configuration from /home/u5/THDM/proc_ppbbbb/Cards/me5_configuration.txt  
Using default text editor "vi". Set another one in ./input/mg5_configuration.txt
No valid eps viewer found. Please set in ./input/mg5_configuration.txt
No valid web browser found. Please set in ./input/mg5_configuration.txt
generate_events run_01
The following switches determine which programs are run:
/==============================================================================\
| 1. Choose the shower/hadronization program   [1m  shower[0m = [31mOFF[0m                  |
| 2. Choose the detector simulation program    [1mdetector[0m = [31mOFF[0m                  |
| 3. Choose an analysis package (plot/convert) [1manalysis[0m = [32mMadAnalysis5[0m         |
| 4. Decay onshell particles                   [1m madspin[0m = [31mOFF[0m                  |
| 5. Add weights to events for new hypp.       [1mreweight[0m = [31mOFF[0m                  |
\==============================================================================/
Either type the switch number (1 to 5) to change its setting,
Set any switch explicitly (e.g. type 'shower=Pythia8' at the prompt)
Type 'help' for the list of all valid option
Type '0', 'auto', 'done' or just press enter when you are done.
The following switches determine which programs are run:
/==============================================================================\
| 1. Choose the shower/hadronization program   [1m  shower[0m = [31mOFF[0m                  |
| 2. Choose the detector simulation program    [1mdetector[0m = [31mOFF[0m                  |
| 3. Choose an analysis package (plot/convert) [1manalysis[0m = [32mMadAnalysis5[0m         |
| 4. Decay onshell particles                   [1m madspin[0m = [31mOFF[0m                  |
| 5. Add weights to events for new hypp.       [1mreweight[0m = [31mOFF[0m                  |
\==============================================================================/
Either type the switch number (1 to 5) to change its setting,
Set any switch explicitly (e.g. type 'shower=Pythia8' at the prompt)
Type 'help' for the list of all valid option
Type '0', 'auto', 'done' or just press enter when you are done.
The following switches determine which programs are run:
/==============================================================================\
| 1. Choose the shower/hadronization program   [1m  shower[0m = [31mOFF[0m                  |
| 2. Choose the detector simulation program    [1mdetector[0m = [31mOFF[0m                  |
| 3. Choose an analysis package (plot/convert) [1manalysis[0m = [32mMadAnalysis5[0m         |
| 4. Decay onshell particles                   [1m madspin[0m = [31mOFF[0m                  |
| 5. Add weights to events for new hypp.       [1mreweight[0m = [31mOFF[0m                  |
\==============================================================================/
Either type the switch number (1 to 5) to change its setting,
Set any switch explicitly (e.g. type 'shower=Pythia8' at the prompt)
Type 'help' for the list of all valid option
Type '0', 'auto', 'done' or just press enter when you are done.
The following switches determine which programs are run:
/==============================================================================\
| 1. Choose the shower/hadronization program   [1m  shower[0m = [31mOFF[0m                  |
| 2. Choose the detector simulation program    [1mdetector[0m = [31mOFF[0m                  |
| 3. Choose an analysis package (plot/convert) [1manalysis[0m = [32mMadAnalysis5[0m         |
| 4. Decay onshell particles                   [1m madspin[0m = [31mOFF[0m                  |
| 5. Add weights to events for new hypp.       [1mreweight[0m = [31mOFF[0m                  |
\==============================================================================/
Either type the switch number (1 to 5) to change its setting,
Set any switch explicitly (e.g. type 'shower=Pythia8' at the prompt)
Type 'help' for the list of all valid option
Type '0', 'auto', 'done' or just press enter when you are done.
INFO: copy /home/alan/ML_Analysis/THDM/Cards/delphes_card_HLLHC.tcl as delphes_card.dat 
Do you want to edit a card (press enter to bypass editing)?
/------------------------------------------------------------\
|  [31m1[0m. param   : [32mparam_card.dat[0m                               |
|  [31m2[0m. run     : [32mrun_card.dat[0m                                 |
|  [31m3[0m. pythia8 : [32mpythia8_card.dat[0m                             |
|  [31m4[0m. delphes : [32mdelphes_card.dat[0m                             |
\------------------------------------------------------------/
 you can also
   - enter the path to a valid card or banner.
   - use the 'set' command to modify a parameter directly.
     The set option works only for param_card and run_card.
     Type 'help set' for more information on this command.
   - call an external program (ASperGE/MadWidth/...).
     Type 'help' for the list of available command
 [[4m0[0m, done, 1, param, 2, run, 3, pythia8, 4, enter path, ... ]
set run_card nevents 100000
[1mINFO: modify parameter nevents of the run_card.dat to 100000 [0m
set run_card ebeam1 7000.0
[1mINFO: modify parameter ebeam1 of the run_card.dat to 7000.0 [0m
set run_card ebeam2 7000.0
[1mINFO: modify parameter ebeam2 of the run_card.dat to 7000.0 [0m
set run_card pdlabel lhapdf
[1mINFO: modify parameter pdlabel of the run_card.dat to lhapdf [0m
set run_card lhaid 247000  
[1mINFO: modify parameter lhaid of the run_card.dat to 247000 [0m
set run_card ihtmin 850
[1mINFO: modify parameter ihtmin of the run_card.dat to 850.0 [0m
INFO: Update the dependent parameter of the param_card.dat 
Generating 100000 events with run name run_01
survey  run_01 
INFO: compile directory 
INFO: Using LHAPDF v6.3.0 interface for PDFs 
compile Source Directory
Using random number seed offset = 21
INFO: Running Survey 
Creating Jobs
Working on SubProcesses
INFO:     P1_gg_bbxbbx  
INFO:     P1_bbx_bbxbbx  
INFO:     P1_qq_bbxbbx  
INFO:  Idle: 0,  Running: 12,  Completed: 0 [ current time: 11h02 ] 
INFO:  Idle: 0,  Running: 11,  Completed: 1 [  0.27s  ] 
INFO:  Idle: 0,  Running: 8,  Completed: 4 [  3.5s  ] 
INFO:  Idle: 0,  Running: 0,  Completed: 12 [  6.4s  ] 
INFO: End survey 
refine 100000
Creating Jobs
INFO: Refine results to 100000 
INFO: Generating 100000.0 unweighted events. 
INFO: Effective Luminosity 308408.142761 pb^-1 
INFO: need to improve 17 channels 
- Current estimate of cross-section: 0.389094785 +- 0.0176647613659
    P1_gg_bbxbbx 
    P1_bbx_bbxbbx 
    P1_qq_bbxbbx 
INFO:  Idle: 48,  Running: 80,  Completed: 0 [ current time: 11h02 ] 
INFO:  Idle: 47,  Running: 80,  Completed: 1 [  38.1s  ] 
INFO:  Idle: 42,  Running: 80,  Completed: 6 [  43.3s  ] 
INFO:  Idle: 30,  Running: 80,  Completed: 18 [  46.4s  ] 
INFO:  Idle: 28,  Running: 80,  Completed: 20 [  1m 26s  ] 
INFO:  Idle: 24,  Running: 80,  Completed: 24 [  1m 29s  ] 
INFO:  Idle: 20,  Running: 80,  Completed: 28 [  1m 32s  ] 
INFO:  Idle: 14,  Running: 80,  Completed: 34 [  1m 35s  ] 
INFO:  Idle: 3,  Running: 80,  Completed: 45 [  1m 38s  ] 
INFO:  Idle: 0,  Running: 76,  Completed: 52 [  1m 42s  ] 
INFO:  Idle: 0,  Running: 69,  Completed: 59 [  1m 45s  ] 
INFO:  Idle: 0,  Running: 68,  Completed: 60 [  1m 55s  ] 
INFO:  Idle: 0,  Running: 66,  Completed: 62 [  2m 2s  ] 
INFO:  Idle: 0,  Running: 64,  Completed: 64 [  2m 6s  ] 
INFO:  Idle: 0,  Running: 62,  Completed: 66 [  2m 13s  ] 
INFO:  Idle: 0,  Running: 59,  Completed: 69 [  2m 16s  ] 
INFO:  Idle: 0,  Running: 54,  Completed: 74 [  2m 21s  ] 
INFO:  Idle: 0,  Running: 51,  Completed: 77 [  2m 27s  ] 
INFO:  Idle: 0,  Running: 48,  Completed: 80 [  2m 30s  ] 
INFO:  Idle: 0,  Running: 44,  Completed: 84 [  2m 37s  ] 
INFO:  Idle: 0,  Running: 42,  Completed: 86 [  2m 40s  ] 
INFO:  Idle: 0,  Running: 41,  Completed: 87 [  2m 45s  ] 
INFO:  Idle: 0,  Running: 37,  Completed: 91 [  2m 49s  ] 
INFO:  Idle: 0,  Running: 28,  Completed: 100 [  2m 52s  ] 
INFO:  Idle: 0,  Running: 21,  Completed: 107 [  2m 56s  ] 
INFO:  Idle: 0,  Running: 15,  Completed: 113 [  2m 59s  ] 
INFO:  Idle: 0,  Running: 13,  Completed: 115 [  3m 4s  ] 
INFO:  Idle: 0,  Running: 11,  Completed: 117 [  3m 9s  ] 
INFO:  Idle: 0,  Running: 10,  Completed: 118 [  3m 14s  ] 
INFO:  Idle: 0,  Running: 8,  Completed: 120 [  3m 21s  ] 
INFO:  Idle: 0,  Running: 7,  Completed: 121 [  3m 26s  ] 
INFO:  Idle: 0,  Running: 5,  Completed: 123 [  3m 33s  ] 
INFO:  Idle: 0,  Running: 3,  Completed: 125 [  4m 9s  ] 
INFO:  Idle: 0,  Running: 2,  Completed: 126 [  4m 15s  ] 
INFO:  Idle: 0,  Running: 1,  Completed: 127 [  4m 24s  ] 
INFO:  Idle: 0,  Running: 0,  Completed: 128 [  4m 28s  ] 
INFO:  Idle: 0,  Running: 0,  Completed: 128 [  4m 28s  ] 
INFO: Combining runs 
INFO: finish refine 
refine 100000 --treshold=0.9
No need for second refine due to stability of cross-section
INFO: Combining Events 
  === Results Summary for run: run_01 tag: tag_1 ===

     Cross-section :   0.407 +- 0.0003888 pb
     Nb of events :  100000
 
INFO: Running Systematics computation 
INFO:  Idle: 0,  Running: 40,  Completed: 0 [ current time: 11h10 ] 
INFO:  Idle: 0,  Running: 39,  Completed: 1 [  21.5s  ] 
INFO:  Idle: 0,  Running: 20,  Completed: 20 [  24.6s  ] 
INFO: # events generated with PDF: NNPDF23_lo_as_0130_qed (247000) 
INFO: #Will Compute 145 weights per event. 
INFO: #***************************************************************************
#
# original cross-section: 0.406830237794
#     scale variation: +65.6% -37.2%
#     central scheme variation: + 0% -53.5%
# PDF variation: +11.4% -11.4%
#
# dynamical scheme # 1 : 0.229197 +57.6% -34.5% # \sum ET
# dynamical scheme # 2 : 0.229163 +57.6% -34.5% # \sum\sqrt{m^2+pt^2}
# dynamical scheme # 3 : 0.36126 +63.5% -36.6% # 0.5 \sum\sqrt{m^2+pt^2}
# dynamical scheme # 4 : 0.18915 +54.9% -33.5% # \sqrt{\hat s}
#***************************************************************************
 
INFO: End of systematics computation 
store_events
INFO: Storing parton level results 
INFO: End Parton 
reweight -from_cards
decay_events -from_cards
INFO: [92mRunning Pythia8 [arXiv:1410.3012][0m 
Splitting .lhe event file for PY8 parallelization...
Submitting Pythia8 jobs...
Pythia8 shower jobs: 0 Idle, 80 Running, 0 Done [2m42s]
Pythia8 shower jobs: 0 Idle, 62 Running, 18 Done [9m03s]
Pythia8 shower jobs: 0 Idle, 0 Running, 80 Done [9m22s]
Merging results from the split PY8 runs...
INFO: Pythia8 shower finished after 14m38s. 
INFO: prepare delphes run 
INFO: Running Delphes 
INFO: If you are interested in lhco output. please run root2lhco converter. 
INFO:  or edit bin/internal/run_delphes3 to run the converter automatically. 
INFO: delphes done 
  === Results Summary for run: run_01 tag: tag_1 ===

     Cross-section :   0.407 +- 0.0003888 pb
     Nb of events :  100000
 
INFO: storing files of previous run 
INFO: Storing Pythia8 files of previous run 
INFO: Done 
quit
INFO:  
more information in /home/u5/THDM/proc_ppbbbb/index.html
quit
